android/app/build/intermediates/manifest_merge_blame_file/debug/manifest-merger-blame-debug-report.txt
1<?xml version="1.0" encoding="utf-8"?>
2<manifest xmlns:android="http://schemas.android.com/apk/res/android"
3    package="com.kidcity.krp"
4    android:versionCode="200038"
5    android:versionName="2.0.1" >
6
7    <uses-sdk
8        android:minSdkVersion="21"
9        android:targetSdkVersion="33" />
10
11    <uses-permission android:name="android.permission.SYSTEM_ALERT_WINDOW" />
11-->src\debug\AndroidManifest.xml:5:5-77
11-->src\debug\AndroidManifest.xml:5:22-75
12    <uses-permission android:name="android.permission.INTERNET" />
12-->src\main\AndroidManifest.xml:4:5-67
12-->src\main\AndroidManifest.xml:4:22-64
13    <uses-permission android:name="android.permission.READ_EXTERNAL_STORAGE" />
13-->src\main\AndroidManifest.xml:5:5-80
13-->src\main\AndroidManifest.xml:5:22-77
14    <uses-permission android:name="android.permission.WRITE_EXTERNAL_STORAGE" />
14-->src\main\AndroidManifest.xml:6:5-81
14-->src\main\AndroidManifest.xml:6:22-78
15    <uses-permission android:name="android.permission.DOWNLOAD_WITHOUT_NOTIFICATION" />
15-->src\main\AndroidManifest.xml:7:5-88
15-->src\main\AndroidManifest.xml:7:22-85
16    <uses-permission android:name="android.permission.POST_NOTIFICATIONS" />
16-->src\main\AndroidManifest.xml:8:5-77
16-->src\main\AndroidManifest.xml:8:22-74
17    <uses-permission android:name="android.permission.ACCESS_WIFI_STATE" />
17-->[com.facebook.flipper:flipper:0.125.0] AndroidManifest.xml:16:5-76
17-->[com.facebook.flipper:flipper:0.125.0] AndroidManifest.xml:16:22-73
18    <uses-permission android:name="android.permission.ACCESS_NETWORK_STATE" />
18-->[:react-native-firebase_analytics] AndroidManifest.xml:9:5-79
18-->[:react-native-firebase_analytics] AndroidManifest.xml:9:22-76
19    <uses-permission android:name="android.permission.WAKE_LOCK" /> <!-- Required by older versions of Google Play services to create IID tokens -->
19-->[:react-native-firebase_analytics] AndroidManifest.xml:11:5-68
19-->[:react-native-firebase_analytics] AndroidManifest.xml:11:22-65
20    <uses-permission android:name="com.google.android.c2dm.permission.RECEIVE" />
20-->[com.google.firebase:firebase-messaging:23.1.2] AndroidManifest.xml:28:5-82
20-->[com.google.firebase:firebase-messaging:23.1.2] AndroidManifest.xml:28:22-79
21    <uses-permission android:name="com.google.android.gms.permission.AD_ID" />
21-->[com.google.android.gms:play-services-measurement-api:21.2.1] AndroidManifest.xml:25:5-79
21-->[com.google.android.gms:play-services-measurement-api:21.2.1] AndroidManifest.xml:25:22-76
22
23    <queries>
23-->[com.razorpay:checkout:1.6.36] AndroidManifest.xml:10:5-39:15
24        <intent>
24-->[com.razorpay:checkout:1.6.36] AndroidManifest.xml:11:9-17:18
25            <action android:name="android.intent.action.VIEW" />
25-->src\main\AndroidManifest.xml:36:11-63
25-->src\main\AndroidManifest.xml:36:19-60
26
27            <data
27-->src\main\AndroidManifest.xml:39:11-71
28                android:mimeType="*/*"
29                android:scheme="*" />
29-->src\main\AndroidManifest.xml:39:17-37
30        </intent>
31        <intent>
31-->[com.razorpay:checkout:1.6.36] AndroidManifest.xml:18:9-27:18
32            <action android:name="android.intent.action.VIEW" />
32-->src\main\AndroidManifest.xml:36:11-63
32-->src\main\AndroidManifest.xml:36:19-60
33
34            <category android:name="android.intent.category.BROWSABLE" />
34-->src\main\AndroidManifest.xml:38:11-72
34-->src\main\AndroidManifest.xml:38:21-69
35
36            <data
36-->src\main\AndroidManifest.xml:39:11-71
37                android:host="pay"
37-->src\main\AndroidManifest.xml:39:38-68
38                android:mimeType="*/*"
39                android:scheme="upi" />
39-->src\main\AndroidManifest.xml:39:17-37
40        </intent>
41        <intent>
41-->[com.razorpay:checkout:1.6.36] AndroidManifest.xml:28:9-30:18
42            <action android:name="android.intent.action.MAIN" />
42-->src\main\AndroidManifest.xml:31:13-65
42-->src\main\AndroidManifest.xml:31:21-62
43        </intent>
44        <intent>
44-->[com.razorpay:checkout:1.6.36] AndroidManifest.xml:31:9-35:18
45            <action android:name="android.intent.action.SEND" />
45-->[com.razorpay:checkout:1.6.36] AndroidManifest.xml:32:13-65
45-->[com.razorpay:checkout:1.6.36] AndroidManifest.xml:32:21-62
46
47            <data android:mimeType="*/*" />
47-->src\main\AndroidManifest.xml:39:11-71
48        </intent>
49        <intent>
49-->[com.razorpay:checkout:1.6.36] AndroidManifest.xml:36:9-38:18
50            <action android:name="rzp.device_token.share" />
50-->[com.razorpay:checkout:1.6.36] AndroidManifest.xml:37:13-61
50-->[com.razorpay:checkout:1.6.36] AndroidManifest.xml:37:21-58
51        </intent>
52    </queries>
53
54    <uses-permission android:name="com.kidcity.krp.DYNAMIC_RECEIVER_NOT_EXPORTED_PERMISSION" />
54-->[com.google.android.gms:play-services-analytics-impl:18.0.4] AndroidManifest.xml:28:5-97
54-->[com.google.android.gms:play-services-analytics-impl:18.0.4] AndroidManifest.xml:28:22-94
55
56    <uses-feature
56-->[com.google.android.gms:play-services-maps:17.0.0] AndroidManifest.xml:26:5-28:35
57        android:glEsVersion="0x00020000"
57-->[com.google.android.gms:play-services-maps:17.0.0] AndroidManifest.xml:27:9-41
58        android:required="true" />
58-->[com.google.android.gms:play-services-maps:17.0.0] AndroidManifest.xml:28:9-32
59
60    <uses-permission android:name="com.google.android.finsky.permission.BIND_GET_INSTALL_REFERRER_SERVICE" />
60-->[com.google.android.gms:play-services-measurement:21.2.1] AndroidManifest.xml:26:5-110
60-->[com.google.android.gms:play-services-measurement:21.2.1] AndroidManifest.xml:26:22-107
61
62    <permission
62-->[androidx.core:core:1.9.0] AndroidManifest.xml:22:5-24:47
63        android:name="com.kidcity.krp.DYNAMIC_RECEIVER_NOT_EXPORTED_PERMISSION"
63-->[androidx.core:core:1.9.0] AndroidManifest.xml:23:9-81
64        android:protectionLevel="signature" /> <!-- for android -->
64-->[androidx.core:core:1.9.0] AndroidManifest.xml:24:9-44
65    <!-- <uses-permission android:name="com.android.launcher.permission.READ_SETTINGS"/> -->
66    <!-- <uses-permission android:name="com.android.launcher.permission.WRITE_SETTINGS"/> -->
67    <!-- <uses-permission android:name="com.android.launcher.permission.INSTALL_SHORTCUT" /> -->
68    <!-- <uses-permission android:name="com.android.launcher.permission.UNINSTALL_SHORTCUT" /> -->
69    <!-- for Samsung -->
70    <uses-permission android:name="com.sec.android.provider.badge.permission.READ" />
70-->[me.leolin:ShortcutBadger:1.1.22] AndroidManifest.xml:19:5-86
70-->[me.leolin:ShortcutBadger:1.1.22] AndroidManifest.xml:19:22-83
71    <uses-permission android:name="com.sec.android.provider.badge.permission.WRITE" /> <!-- for htc -->
71-->[me.leolin:ShortcutBadger:1.1.22] AndroidManifest.xml:20:5-87
71-->[me.leolin:ShortcutBadger:1.1.22] AndroidManifest.xml:20:22-84
72    <uses-permission android:name="com.htc.launcher.permission.READ_SETTINGS" />
72-->[me.leolin:ShortcutBadger:1.1.22] AndroidManifest.xml:23:5-81
72-->[me.leolin:ShortcutBadger:1.1.22] AndroidManifest.xml:23:22-78
73    <uses-permission android:name="com.htc.launcher.permission.UPDATE_SHORTCUT" /> <!-- for sony -->
73-->[me.leolin:ShortcutBadger:1.1.22] AndroidManifest.xml:24:5-83
73-->[me.leolin:ShortcutBadger:1.1.22] AndroidManifest.xml:24:22-80
74    <uses-permission android:name="com.sonyericsson.home.permission.BROADCAST_BADGE" />
74-->[me.leolin:ShortcutBadger:1.1.22] AndroidManifest.xml:27:5-88
74-->[me.leolin:ShortcutBadger:1.1.22] AndroidManifest.xml:27:22-85
75    <uses-permission android:name="com.sonymobile.home.permission.PROVIDER_INSERT_BADGE" /> <!-- for apex -->
75-->[me.leolin:ShortcutBadger:1.1.22] AndroidManifest.xml:28:5-92
75-->[me.leolin:ShortcutBadger:1.1.22] AndroidManifest.xml:28:22-89
76    <uses-permission android:name="com.anddoes.launcher.permission.UPDATE_COUNT" /> <!-- for solid -->
76-->[me.leolin:ShortcutBadger:1.1.22] AndroidManifest.xml:31:5-84
76-->[me.leolin:ShortcutBadger:1.1.22] AndroidManifest.xml:31:22-81
77    <uses-permission android:name="com.majeur.launcher.permission.UPDATE_BADGE" /> <!-- for huawei -->
77-->[me.leolin:ShortcutBadger:1.1.22] AndroidManifest.xml:34:5-83
77-->[me.leolin:ShortcutBadger:1.1.22] AndroidManifest.xml:34:22-80
78    <uses-permission android:name="com.huawei.android.launcher.permission.CHANGE_BADGE" />
78-->[me.leolin:ShortcutBadger:1.1.22] AndroidManifest.xml:37:5-91
78-->[me.leolin:ShortcutBadger:1.1.22] AndroidManifest.xml:37:22-88
79    <uses-permission android:name="com.huawei.android.launcher.permission.READ_SETTINGS" />
79-->[me.leolin:ShortcutBadger:1.1.22] AndroidManifest.xml:38:5-92
79-->[me.leolin:ShortcutBadger:1.1.22] AndroidManifest.xml:38:22-89
80    <uses-permission android:name="com.huawei.android.launcher.permission.WRITE_SETTINGS" /> <!-- for ZUK -->
80-->[me.leolin:ShortcutBadger:1.1.22] AndroidManifest.xml:39:5-93
80-->[me.leolin:ShortcutBadger:1.1.22] AndroidManifest.xml:39:22-90
81    <uses-permission android:name="android.permission.READ_APP_BADGE" /> <!-- for OPPO -->
81-->[me.leolin:ShortcutBadger:1.1.22] AndroidManifest.xml:42:5-73
81-->[me.leolin:ShortcutBadger:1.1.22] AndroidManifest.xml:42:22-70
82    <uses-permission android:name="com.oppo.launcher.permission.READ_SETTINGS" />
82-->[me.leolin:ShortcutBadger:1.1.22] AndroidManifest.xml:45:5-82
82-->[me.leolin:ShortcutBadger:1.1.22] AndroidManifest.xml:45:22-79
83    <uses-permission android:name="com.oppo.launcher.permission.WRITE_SETTINGS" /> <!-- for EvMe -->
83-->[me.leolin:ShortcutBadger:1.1.22] AndroidManifest.xml:46:5-83
83-->[me.leolin:ShortcutBadger:1.1.22] AndroidManifest.xml:46:22-80
84    <uses-permission android:name="me.everything.badger.permission.BADGE_COUNT_READ" />
84-->[me.leolin:ShortcutBadger:1.1.22] AndroidManifest.xml:49:5-88
84-->[me.leolin:ShortcutBadger:1.1.22] AndroidManifest.xml:49:22-85
85    <uses-permission android:name="me.everything.badger.permission.BADGE_COUNT_WRITE" />
85-->[me.leolin:ShortcutBadger:1.1.22] AndroidManifest.xml:50:5-89
85-->[me.leolin:ShortcutBadger:1.1.22] AndroidManifest.xml:50:22-86
86
87    <application
87-->src\main\AndroidManifest.xml:10:5-42:19
88        android:name="com.kidcity.krp.MainApplication"
88-->src\main\AndroidManifest.xml:11:7-38
89        android:allowBackup="false"
89-->src\main\AndroidManifest.xml:15:7-34
90        android:appComponentFactory="androidx.core.app.CoreComponentFactory"
90-->[androidx.core:core:1.9.0] AndroidManifest.xml:28:18-86
91        android:debuggable="true"
92        android:icon="@mipmap/ic_launcher"
92-->src\main\AndroidManifest.xml:13:7-41
93        android:label="@string/app_name"
93-->src\main\AndroidManifest.xml:12:7-39
94        android:roundIcon="@mipmap/ic_launcher_round"
94-->src\main\AndroidManifest.xml:14:7-52
95        android:theme="@style/AppTheme"
95-->src\main\AndroidManifest.xml:16:7-38
96        android:usesCleartextTraffic="true" >
96-->src\main\AndroidManifest.xml:17:7-42
97        <activity
97-->src\debug\AndroidManifest.xml:11:9-111
98            android:name="com.facebook.react.devsupport.DevSettingsActivity"
98-->src\debug\AndroidManifest.xml:11:19-83
99            android:exported="false" />
99-->src\debug\AndroidManifest.xml:11:84-108
100
101        <meta-data
101-->src\main\AndroidManifest.xml:19:7-130
102            android:name="com.google.firebase.messaging.default_notification_icon"
102-->src\main\AndroidManifest.xml:19:18-88
103            android:resource="@mipmap/ic_launcher" />
103-->src\main\AndroidManifest.xml:19:89-127
104
105        <activity
105-->src\main\AndroidManifest.xml:22:7-41:18
106            android:name="com.kidcity.krp.MainActivity"
106-->src\main\AndroidManifest.xml:23:9-37
107            android:configChanges="keyboard|keyboardHidden|orientation|screenLayout|screenSize|smallestScreenSize|uiMode"
107-->src\main\AndroidManifest.xml:26:9-118
108            android:exported="true"
108-->src\main\AndroidManifest.xml:29:9-32
109            android:label="@string/app_name"
109-->src\main\AndroidManifest.xml:24:9-41
110            android:launchMode="singleTask"
110-->src\main\AndroidManifest.xml:27:9-40
111            android:screenOrientation="portrait"
111-->src\main\AndroidManifest.xml:25:9-45
112            android:windowSoftInputMode="stateAlwaysHidden|adjustPan" >
112-->src\main\AndroidManifest.xml:28:9-66
113            <intent-filter android:autoVerify="true" >
113-->src\main\AndroidManifest.xml:30:9-34:25
113-->src\main\AndroidManifest.xml:30:24-49
114                <action android:name="android.intent.action.MAIN" />
114-->src\main\AndroidManifest.xml:31:13-65
114-->src\main\AndroidManifest.xml:31:21-62
115
116                <category android:name="android.intent.category.LAUNCHER" />
116-->src\main\AndroidManifest.xml:32:13-73
116-->src\main\AndroidManifest.xml:32:23-70
117
118                <action android:name="android.intent.action.DOWNLOAD_COMPLETE" />
118-->src\main\AndroidManifest.xml:33:13-77
118-->src\main\AndroidManifest.xml:33:21-75
119            </intent-filter>
120            <intent-filter android:autoVerify="true" >
120-->src\main\AndroidManifest.xml:35:9-40:25
120-->src\main\AndroidManifest.xml:35:24-49
121                <action android:name="android.intent.action.VIEW" />
121-->src\main\AndroidManifest.xml:36:11-63
121-->src\main\AndroidManifest.xml:36:19-60
122
123                <category android:name="android.intent.category.DEFAULT" />
123-->src\main\AndroidManifest.xml:37:11-70
123-->src\main\AndroidManifest.xml:37:21-67
124                <category android:name="android.intent.category.BROWSABLE" />
124-->src\main\AndroidManifest.xml:38:11-72
124-->src\main\AndroidManifest.xml:38:21-69
125
126                <data
126-->src\main\AndroidManifest.xml:39:11-71
127                    android:host="kidcityRetailer"
127-->src\main\AndroidManifest.xml:39:38-68
128                    android:scheme="app" />
128-->src\main\AndroidManifest.xml:39:17-37
129            </intent-filter>
130        </activity>
131        <activity
131-->[:react-native-razorpay] AndroidManifest.xml:10:9-12:86
132            android:name="com.razorpay.CheckoutActivity"
132-->[:react-native-razorpay] AndroidManifest.xml:11:13-57
133            android:configChanges="keyboard|keyboardHidden|orientation|screenSize"
133-->[:react-native-razorpay] AndroidManifest.xml:12:13-83
134            android:exported="false"
134-->[com.razorpay:checkout:1.6.36] AndroidManifest.xml:54:13-37
135            android:theme="@style/CheckoutTheme" >
135-->[com.razorpay:checkout:1.6.36] AndroidManifest.xml:55:13-49
136            <intent-filter>
136-->[com.razorpay:checkout:1.6.36] AndroidManifest.xml:56:13-58:29
137                <action android:name="android.intent.action.MAIN" />
137-->src\main\AndroidManifest.xml:31:13-65
137-->src\main\AndroidManifest.xml:31:21-62
138            </intent-filter>
139        </activity>
140
141        <meta-data
141-->[:react-native-firebase_analytics] AndroidManifest.xml:14:9-16:36
142            android:name="firebase_analytics_collection_enabled"
142-->[:react-native-firebase_analytics] AndroidManifest.xml:15:13-65
143            android:value="true" />
143-->[:react-native-firebase_analytics] AndroidManifest.xml:16:13-33
144        <meta-data
144-->[:react-native-firebase_analytics] AndroidManifest.xml:17:9-19:37
145            android:name="firebase_analytics_collection_deactivated"
145-->[:react-native-firebase_analytics] AndroidManifest.xml:18:13-69
146            android:value="false" />
146-->[:react-native-firebase_analytics] AndroidManifest.xml:19:13-34
147        <meta-data
147-->[:react-native-firebase_analytics] AndroidManifest.xml:20:9-22:36
148            android:name="google_analytics_adid_collection_enabled"
148-->[:react-native-firebase_analytics] AndroidManifest.xml:21:13-68
149            android:value="true" />
149-->[:react-native-firebase_analytics] AndroidManifest.xml:22:13-33
150        <meta-data
150-->[:react-native-firebase_analytics] AndroidManifest.xml:23:9-25:36
151            android:name="google_analytics_ssaid_collection_enabled"
151-->[:react-native-firebase_analytics] AndroidManifest.xml:24:13-69
152            android:value="true" />
152-->[:react-native-firebase_analytics] AndroidManifest.xml:25:13-33
153        <meta-data
153-->[:react-native-firebase_analytics] AndroidManifest.xml:26:9-28:36
154            android:name="google_analytics_default_allow_ad_personalization_signals"
154-->[:react-native-firebase_analytics] AndroidManifest.xml:27:13-85
155            android:value="true" />
155-->[:react-native-firebase_analytics] AndroidManifest.xml:28:13-33
156        <meta-data
156-->[:react-native-firebase_analytics] AndroidManifest.xml:29:9-31:36
157            android:name="google_analytics_automatic_screen_reporting_enabled"
157-->[:react-native-firebase_analytics] AndroidManifest.xml:30:13-79
158            android:value="true" /> <!-- Disable crashlytics by default so we can custom init with CrashlyticsNdk support -->
158-->[:react-native-firebase_analytics] AndroidManifest.xml:31:13-33
159        <meta-data
159-->[:react-native-firebase_crashlytics] AndroidManifest.xml:12:9-14:37
160            android:name="firebase_crashlytics_collection_enabled"
160-->[:react-native-firebase_crashlytics] AndroidManifest.xml:13:13-67
161            android:value="false" />
161-->[:react-native-firebase_crashlytics] AndroidManifest.xml:14:13-34
162
163        <provider
163-->[:react-native-firebase_crashlytics] AndroidManifest.xml:16:9-20:38
164            android:name="io.invertase.firebase.crashlytics.ReactNativeFirebaseCrashlyticsInitProvider"
164-->[:react-native-firebase_crashlytics] AndroidManifest.xml:17:13-104
165            android:authorities="com.kidcity.krp.reactnativefirebasecrashlyticsinitprovider"
165-->[:react-native-firebase_crashlytics] AndroidManifest.xml:18:13-94
166            android:exported="false"
166-->[:react-native-firebase_crashlytics] AndroidManifest.xml:19:13-37
167            android:initOrder="98" />
167-->[:react-native-firebase_crashlytics] AndroidManifest.xml:20:13-35
168
169        <service
169-->[:react-native-firebase_messaging] AndroidManifest.xml:14:9-16:40
170            android:name="io.invertase.firebase.messaging.ReactNativeFirebaseMessagingHeadlessService"
170-->[:react-native-firebase_messaging] AndroidManifest.xml:15:13-103
171            android:exported="false" />
171-->[:react-native-firebase_messaging] AndroidManifest.xml:16:13-37
172        <service
172-->[:react-native-firebase_messaging] AndroidManifest.xml:17:9-23:19
173            android:name="io.invertase.firebase.messaging.ReactNativeFirebaseMessagingService"
173-->[:react-native-firebase_messaging] AndroidManifest.xml:18:13-95
174            android:exported="false" >
174-->[:react-native-firebase_messaging] AndroidManifest.xml:19:13-37
175            <intent-filter>
175-->[:react-native-firebase_messaging] AndroidManifest.xml:20:13-22:29
176                <action android:name="com.google.firebase.MESSAGING_EVENT" />
176-->[:react-native-firebase_messaging] AndroidManifest.xml:21:17-78
176-->[:react-native-firebase_messaging] AndroidManifest.xml:21:25-75
177            </intent-filter>
178        </service>
179
180        <receiver
180-->[:react-native-firebase_messaging] AndroidManifest.xml:25:9-32:20
181            android:name="io.invertase.firebase.messaging.ReactNativeFirebaseMessagingReceiver"
181-->[:react-native-firebase_messaging] AndroidManifest.xml:26:13-96
182            android:exported="true"
182-->[:react-native-firebase_messaging] AndroidManifest.xml:27:13-36
183            android:permission="com.google.android.c2dm.permission.SEND" >
183-->[:react-native-firebase_messaging] AndroidManifest.xml:28:13-73
184            <intent-filter>
184-->[:react-native-firebase_messaging] AndroidManifest.xml:29:13-31:29
185                <action android:name="com.google.android.c2dm.intent.RECEIVE" />
185-->[:react-native-firebase_messaging] AndroidManifest.xml:30:17-81
185-->[:react-native-firebase_messaging] AndroidManifest.xml:30:25-78
186            </intent-filter>
187        </receiver>
188
189        <meta-data
189-->[:react-native-firebase_messaging] AndroidManifest.xml:34:9-36:36
190            android:name="firebase_messaging_auto_init_enabled"
190-->[:react-native-firebase_messaging] AndroidManifest.xml:35:13-64
191            android:value="true" />
191-->[:react-native-firebase_messaging] AndroidManifest.xml:36:13-33
192        <meta-data
192-->[:react-native-firebase_messaging] AndroidManifest.xml:37:9-39:32
193            android:name="com.google.firebase.messaging.default_notification_channel_id"
193-->[:react-native-firebase_messaging] AndroidManifest.xml:38:13-89
194            android:value="" />
194-->[:react-native-firebase_messaging] AndroidManifest.xml:39:13-29
195        <meta-data
195-->[:react-native-firebase_messaging] AndroidManifest.xml:40:9-42:47
196            android:name="com.google.firebase.messaging.default_notification_color"
196-->[:react-native-firebase_messaging] AndroidManifest.xml:41:13-84
197            android:resource="@color/white" />
197-->[:react-native-firebase_messaging] AndroidManifest.xml:42:13-44
198        <meta-data
198-->[:react-native-firebase_app] AndroidManifest.xml:11:9-13:36
199            android:name="app_data_collection_default_enabled"
199-->[:react-native-firebase_app] AndroidManifest.xml:12:13-63
200            android:value="true" />
200-->[:react-native-firebase_app] AndroidManifest.xml:13:13-33
201
202        <service
202-->[:react-native-firebase_app] AndroidManifest.xml:15:9-23:19
203            android:name="com.google.firebase.components.ComponentDiscoveryService"
203-->[:react-native-firebase_app] AndroidManifest.xml:16:13-84
204            android:directBootAware="true"
204-->[:react-native-firebase_app] AndroidManifest.xml:17:13-43
205            android:exported="false" >
205-->[:react-native-firebase_app] AndroidManifest.xml:18:13-37
206            <meta-data
206-->[:react-native-firebase_app] AndroidManifest.xml:20:13-22:85
207                android:name="com.google.firebase.components:io.invertase.firebase.app.ReactNativeFirebaseAppRegistrar"
207-->[:react-native-firebase_app] AndroidManifest.xml:21:17-120
208                android:value="com.google.firebase.components.ComponentRegistrar" />
208-->[:react-native-firebase_app] AndroidManifest.xml:22:17-82
209            <meta-data
209-->[com.google.firebase:firebase-crashlytics-ndk:18.3.6] AndroidManifest.xml:34:13-36:85
210                android:name="com.google.firebase.components:com.google.firebase.crashlytics.ndk.CrashlyticsNdkRegistrar"
210-->[com.google.firebase:firebase-crashlytics-ndk:18.3.6] AndroidManifest.xml:35:17-122
211                android:value="com.google.firebase.components.ComponentRegistrar" />
211-->[com.google.firebase:firebase-crashlytics-ndk:18.3.6] AndroidManifest.xml:36:17-82
212            <meta-data
212-->[com.google.firebase:firebase-crashlytics:18.3.6] AndroidManifest.xml:17:13-19:85
213                android:name="com.google.firebase.components:com.google.firebase.crashlytics.CrashlyticsRegistrar"
213-->[com.google.firebase:firebase-crashlytics:18.3.6] AndroidManifest.xml:18:17-115
214                android:value="com.google.firebase.components.ComponentRegistrar" />
214-->[com.google.firebase:firebase-crashlytics:18.3.6] AndroidManifest.xml:19:17-82
215            <meta-data
215-->[com.google.firebase:firebase-messaging:23.1.2] AndroidManifest.xml:55:13-57:85
216                android:name="com.google.firebase.components:com.google.firebase.messaging.FirebaseMessagingRegistrar"
216-->[com.google.firebase:firebase-messaging:23.1.2] AndroidManifest.xml:56:17-119
217                android:value="com.google.firebase.components.ComponentRegistrar" />
217-->[com.google.firebase:firebase-messaging:23.1.2] AndroidManifest.xml:57:17-82
218            <meta-data
218-->[com.google.firebase:firebase-datatransport:18.1.7] AndroidManifest.xml:27:13-29:85
219                android:name="com.google.firebase.components:com.google.firebase.datatransport.TransportRegistrar"
219-->[com.google.firebase:firebase-datatransport:18.1.7] AndroidManifest.xml:28:17-115
220                android:value="com.google.firebase.components.ComponentRegistrar" />
220-->[com.google.firebase:firebase-datatransport:18.1.7] AndroidManifest.xml:29:17-82
221            <meta-data
221-->[com.google.android.gms:play-services-measurement-api:21.2.1] AndroidManifest.xml:31:13-33:85
222                android:name="com.google.firebase.components:com.google.firebase.analytics.connector.internal.AnalyticsConnectorRegistrar"
222-->[com.google.android.gms:play-services-measurement-api:21.2.1] AndroidManifest.xml:32:17-139
223                android:value="com.google.firebase.components.ComponentRegistrar" />
223-->[com.google.android.gms:play-services-measurement-api:21.2.1] AndroidManifest.xml:33:17-82
224            <meta-data
224-->[com.google.firebase:firebase-installations:17.1.3] AndroidManifest.xml:17:13-19:85
225                android:name="com.google.firebase.components:com.google.firebase.installations.FirebaseInstallationsRegistrar"
225-->[com.google.firebase:firebase-installations:17.1.3] AndroidManifest.xml:18:17-127
226                android:value="com.google.firebase.components.ComponentRegistrar" />
226-->[com.google.firebase:firebase-installations:17.1.3] AndroidManifest.xml:19:17-82
227        </service>
228
229        <provider
229-->[:react-native-firebase_app] AndroidManifest.xml:25:9-29:38
230            android:name="io.invertase.firebase.app.ReactNativeFirebaseAppInitProvider"
230-->[:react-native-firebase_app] AndroidManifest.xml:26:13-88
231            android:authorities="com.kidcity.krp.reactnativefirebaseappinitprovider"
231-->[:react-native-firebase_app] AndroidManifest.xml:27:13-86
232            android:exported="false"
232-->[:react-native-firebase_app] AndroidManifest.xml:28:13-37
233            android:initOrder="99" />
233-->[:react-native-firebase_app] AndroidManifest.xml:29:13-35
234        <provider
234-->[:react-native-blob-util] AndroidManifest.xml:37:9-45:20
235            android:name="com.ReactNativeBlobUtil.Utils.FileProvider"
235-->[:react-native-blob-util] AndroidManifest.xml:38:13-70
236            android:authorities="com.kidcity.krp.provider"
236-->[:react-native-blob-util] AndroidManifest.xml:39:13-60
237            android:exported="false"
237-->[:react-native-blob-util] AndroidManifest.xml:40:13-37
238            android:grantUriPermissions="true" >
238-->[:react-native-blob-util] AndroidManifest.xml:41:13-47
239            <meta-data
239-->[:react-native-blob-util] AndroidManifest.xml:42:13-44:58
240                android:name="android.support.FILE_PROVIDER_PATHS"
240-->[:react-native-blob-util] AndroidManifest.xml:43:17-67
241                android:resource="@xml/provider_paths" />
241-->[:react-native-blob-util] AndroidManifest.xml:44:17-55
242        </provider>
243        <provider
243-->[:react-native-image-picker] AndroidManifest.xml:10:9-18:20
244            android:name="com.imagepicker.ImagePickerProvider"
244-->[:react-native-image-picker] AndroidManifest.xml:11:13-63
245            android:authorities="com.kidcity.krp.imagepickerprovider"
245-->[:react-native-image-picker] AndroidManifest.xml:12:13-71
246            android:exported="false"
246-->[:react-native-image-picker] AndroidManifest.xml:13:13-37
247            android:grantUriPermissions="true" >
247-->[:react-native-image-picker] AndroidManifest.xml:14:13-47
248            <meta-data
248-->[:react-native-blob-util] AndroidManifest.xml:42:13-44:58
249                android:name="android.support.FILE_PROVIDER_PATHS"
249-->[:react-native-blob-util] AndroidManifest.xml:43:17-67
250                android:resource="@xml/imagepicker_provider_paths" />
250-->[:react-native-blob-util] AndroidManifest.xml:44:17-55
251        </provider>
252        <provider
252-->[:react-native-share] AndroidManifest.xml:10:9-18:20
253            android:name="cl.json.RNShareFileProvider"
253-->[:react-native-share] AndroidManifest.xml:11:13-55
254            android:authorities="com.kidcity.krp.rnshare.fileprovider"
254-->[:react-native-share] AndroidManifest.xml:12:13-72
255            android:exported="false"
255-->[:react-native-share] AndroidManifest.xml:13:13-37
256            android:grantUriPermissions="true" >
256-->[:react-native-share] AndroidManifest.xml:14:13-47
257            <meta-data
257-->[:react-native-blob-util] AndroidManifest.xml:42:13-44:58
258                android:name="android.support.FILE_PROVIDER_PATHS"
258-->[:react-native-blob-util] AndroidManifest.xml:43:17-67
259                android:resource="@xml/share_download_paths" />
259-->[:react-native-blob-util] AndroidManifest.xml:44:17-55
260        </provider>
261        <provider
261-->[:react-native-webview] AndroidManifest.xml:10:9-18:20
262            android:name="com.reactnativecommunity.webview.RNCWebViewFileProvider"
262-->[:react-native-webview] AndroidManifest.xml:11:13-83
263            android:authorities="com.kidcity.krp.fileprovider"
263-->[:react-native-webview] AndroidManifest.xml:12:13-64
264            android:exported="false"
264-->[:react-native-webview] AndroidManifest.xml:13:13-37
265            android:grantUriPermissions="true" >
265-->[:react-native-webview] AndroidManifest.xml:14:13-47
266            <meta-data
266-->[:react-native-blob-util] AndroidManifest.xml:42:13-44:58
267                android:name="android.support.FILE_PROVIDER_PATHS"
267-->[:react-native-blob-util] AndroidManifest.xml:43:17-67
268                android:resource="@xml/file_provider_paths" />
268-->[:react-native-blob-util] AndroidManifest.xml:44:17-55
269        </provider>
270
271        <receiver